<?xml version="1.0" encoding="UTF-8"?>
<testng-results skipped="0" failed="0" ignored="0" total="1" passed="1">
  <reporter-output>
  </reporter-output>
  <suite name="Default suite" duration-ms="44767" started-at="2018-04-16T06:11:52Z" finished-at="2018-04-16T06:12:37Z">
    <groups>
    </groups>
    <test name="Default test" duration-ms="44767" started-at="2018-04-16T06:11:52Z" finished-at="2018-04-16T06:12:37Z">
      <class name="seleniumSessions.FindJSErrorsLoggin">
        <test-method status="PASS" signature="setUp()[pri:0, instance:seleniumSessions.FindJSErrorsLoggin@604ed9f0]" name="setUp" is-config="true" duration-ms="3223" started-at="2018-04-16T06:11:52Z" finished-at="2018-04-16T06:11:55Z">
          <reporter-output>
          </reporter-output>
        </test-method> <!-- setUp -->
        <test-method status="PASS" signature="testMethod()[pri:0, instance:seleniumSessions.FindJSErrorsLoggin@604ed9f0]" name="testMethod" duration-ms="40803" started-at="2018-04-16T06:11:55Z" finished-at="2018-04-16T06:12:36Z">
          <reporter-output>
          </reporter-output>
        </test-method> <!-- testMethod -->
        <test-method status="PASS" signature="tearDown()[pri:0, instance:seleniumSessions.FindJSErrorsLoggin@604ed9f0]" name="tearDown" is-config="true" duration-ms="722" started-at="2018-04-16T06:12:36Z" finished-at="2018-04-16T06:12:37Z">
          <reporter-output>
          </reporter-output>
        </test-method> <!-- tearDown -->
      </class> <!-- seleniumSessions.FindJSErrorsLoggin -->
    </test> <!-- Default test -->
  </suite> <!-- Default suite -->
</testng-results>
